mode: set
github.com/2gc-dev/cloudbridge-client/pkg/relay/client.go:75.60,88.2 1 1
github.com/2gc-dev/cloudbridge-client/pkg/relay/client.go:91.62,103.2 1 0
github.com/2gc-dev/cloudbridge-client/pkg/relay/client.go:106.63,110.21 3 0
github.com/2gc-dev/cloudbridge-client/pkg/relay/client.go:110.21,112.17 2 0
github.com/2gc-dev/cloudbridge-client/pkg/relay/client.go:112.17,114.4 1 0
github.com/2gc-dev/cloudbridge-client/pkg/relay/client.go:118.2,119.32 2 0
github.com/2gc-dev/cloudbridge-client/pkg/relay/client.go:119.32,121.3 1 0
github.com/2gc-dev/cloudbridge-client/pkg/relay/client.go:123.2,124.43 2 0
github.com/2gc-dev/cloudbridge-client/pkg/relay/client.go:124.43,126.3 1 0
github.com/2gc-dev/cloudbridge-client/pkg/relay/client.go:126.8,128.3 1 0
github.com/2gc-dev/cloudbridge-client/pkg/relay/client.go:130.2,142.20 2 0
github.com/2gc-dev/cloudbridge-client/pkg/relay/client.go:146.47,148.2 1 0
github.com/2gc-dev/cloudbridge-client/pkg/relay/client.go:151.39,153.2 1 0
github.com/2gc-dev/cloudbridge-client/pkg/relay/client.go:156.38,158.2 1 0
github.com/2gc-dev/cloudbridge-client/pkg/relay/client.go:161.41,163.2 1 0
github.com/2gc-dev/cloudbridge-client/pkg/relay/client.go:166.55,172.14 5 0
github.com/2gc-dev/cloudbridge-client/pkg/relay/client.go:172.14,174.3 1 0
github.com/2gc-dev/cloudbridge-client/pkg/relay/client.go:174.8,176.3 1 0
github.com/2gc-dev/cloudbridge-client/pkg/relay/client.go:178.2,178.16 1 0
github.com/2gc-dev/cloudbridge-client/pkg/relay/client.go:178.16,180.3 1 0
github.com/2gc-dev/cloudbridge-client/pkg/relay/client.go:182.2,185.12 4 0
github.com/2gc-dev/cloudbridge-client/pkg/relay/client.go:189.32,190.19 1 0
github.com/2gc-dev/cloudbridge-client/pkg/relay/client.go:190.19,192.3 1 0
github.com/2gc-dev/cloudbridge-client/pkg/relay/client.go:193.2,193.12 1 0
github.com/2gc-dev/cloudbridge-client/pkg/relay/client.go:197.53,198.19 1 0
github.com/2gc-dev/cloudbridge-client/pkg/relay/client.go:198.19,200.3 1 0
github.com/2gc-dev/cloudbridge-client/pkg/relay/client.go:202.2,202.82 1 0
github.com/2gc-dev/cloudbridge-client/pkg/relay/client.go:202.82,204.3 1 0
github.com/2gc-dev/cloudbridge-client/pkg/relay/client.go:205.2,206.16 2 0
github.com/2gc-dev/cloudbridge-client/pkg/relay/client.go:206.16,208.3 1 0
github.com/2gc-dev/cloudbridge-client/pkg/relay/client.go:209.2,209.32 1 0
github.com/2gc-dev/cloudbridge-client/pkg/relay/client.go:209.32,211.3 1 0
github.com/2gc-dev/cloudbridge-client/pkg/relay/client.go:212.2,212.62 1 0
github.com/2gc-dev/cloudbridge-client/pkg/relay/client.go:212.62,214.3 1 0
github.com/2gc-dev/cloudbridge-client/pkg/relay/client.go:215.2,215.25 1 0
github.com/2gc-dev/cloudbridge-client/pkg/relay/client.go:219.64,220.81 1 0
github.com/2gc-dev/cloudbridge-client/pkg/relay/client.go:220.81,222.3 1 0
github.com/2gc-dev/cloudbridge-client/pkg/relay/client.go:223.2,224.16 2 0
github.com/2gc-dev/cloudbridge-client/pkg/relay/client.go:224.16,226.3 1 0
github.com/2gc-dev/cloudbridge-client/pkg/relay/client.go:227.2,227.32 1 0
github.com/2gc-dev/cloudbridge-client/pkg/relay/client.go:227.32,229.3 1 0
github.com/2gc-dev/cloudbridge-client/pkg/relay/client.go:230.2,232.59 3 0
github.com/2gc-dev/cloudbridge-client/pkg/relay/client.go:232.59,234.3 1 0
github.com/2gc-dev/cloudbridge-client/pkg/relay/client.go:235.2,235.17 1 0
github.com/2gc-dev/cloudbridge-client/pkg/relay/client.go:239.48,242.16 2 0
github.com/2gc-dev/cloudbridge-client/pkg/relay/client.go:242.16,244.3 1 0
github.com/2gc-dev/cloudbridge-client/pkg/relay/client.go:246.2,246.39 1 0
github.com/2gc-dev/cloudbridge-client/pkg/relay/client.go:246.39,248.3 1 0
github.com/2gc-dev/cloudbridge-client/pkg/relay/client.go:251.2,252.45 2 0
github.com/2gc-dev/cloudbridge-client/pkg/relay/client.go:252.45,254.3 1 0
github.com/2gc-dev/cloudbridge-client/pkg/relay/client.go:254.8,261.3 2 0
github.com/2gc-dev/cloudbridge-client/pkg/relay/client.go:263.2,263.47 1 0
github.com/2gc-dev/cloudbridge-client/pkg/relay/client.go:263.47,265.3 1 0
github.com/2gc-dev/cloudbridge-client/pkg/relay/client.go:268.2,269.16 2 0
github.com/2gc-dev/cloudbridge-client/pkg/relay/client.go:269.16,271.3 1 0
github.com/2gc-dev/cloudbridge-client/pkg/relay/client.go:273.2,273.49 1 0
github.com/2gc-dev/cloudbridge-client/pkg/relay/client.go:273.49,275.3 1 0
github.com/2gc-dev/cloudbridge-client/pkg/relay/client.go:277.2,277.75 1 0
github.com/2gc-dev/cloudbridge-client/pkg/relay/client.go:277.75,279.50 2 0
github.com/2gc-dev/cloudbridge-client/pkg/relay/client.go:279.50,281.4 1 0
github.com/2gc-dev/cloudbridge-client/pkg/relay/client.go:282.3,282.59 1 0
github.com/2gc-dev/cloudbridge-client/pkg/relay/client.go:285.2,285.12 1 0
github.com/2gc-dev/cloudbridge-client/pkg/relay/client.go:289.97,291.40 1 1
github.com/2gc-dev/cloudbridge-client/pkg/relay/client.go:291.40,293.3 1 1
github.com/2gc-dev/cloudbridge-client/pkg/relay/client.go:294.2,294.42 1 1
github.com/2gc-dev/cloudbridge-client/pkg/relay/client.go:294.42,296.3 1 1
github.com/2gc-dev/cloudbridge-client/pkg/relay/client.go:299.2,299.22 1 1
github.com/2gc-dev/cloudbridge-client/pkg/relay/client.go:299.22,301.3 1 1
github.com/2gc-dev/cloudbridge-client/pkg/relay/client.go:303.2,319.22 6 0
github.com/2gc-dev/cloudbridge-client/pkg/relay/client.go:323.74,330.18 2 0
github.com/2gc-dev/cloudbridge-client/pkg/relay/client.go:330.18,333.74 2 0
github.com/2gc-dev/cloudbridge-client/pkg/relay/client.go:333.74,335.4 1 0
github.com/2gc-dev/cloudbridge-client/pkg/relay/client.go:338.3,340.35 3 0
github.com/2gc-dev/cloudbridge-client/pkg/relay/client.go:340.35,341.43 1 0
github.com/2gc-dev/cloudbridge-client/pkg/relay/client.go:341.43,343.10 2 0
github.com/2gc-dev/cloudbridge-client/pkg/relay/client.go:346.3,346.15 1 0
github.com/2gc-dev/cloudbridge-client/pkg/relay/client.go:346.15,348.4 1 0
github.com/2gc-dev/cloudbridge-client/pkg/relay/client.go:350.3,351.17 2 0
github.com/2gc-dev/cloudbridge-client/pkg/relay/client.go:351.17,353.4 1 0
github.com/2gc-dev/cloudbridge-client/pkg/relay/client.go:355.3,356.45 2 0
github.com/2gc-dev/cloudbridge-client/pkg/relay/client.go:356.45,358.4 1 0
github.com/2gc-dev/cloudbridge-client/pkg/relay/client.go:360.3,360.30 1 0
github.com/2gc-dev/cloudbridge-client/pkg/relay/client.go:364.2,364.37 1 0
github.com/2gc-dev/cloudbridge-client/pkg/relay/client.go:364.37,369.78 3 0
github.com/2gc-dev/cloudbridge-client/pkg/relay/client.go:369.78,371.4 1 0
github.com/2gc-dev/cloudbridge-client/pkg/relay/client.go:372.3,372.76 1 0
github.com/2gc-dev/cloudbridge-client/pkg/relay/client.go:372.76,374.4 1 0
github.com/2gc-dev/cloudbridge-client/pkg/relay/client.go:377.3,380.35 4 0
github.com/2gc-dev/cloudbridge-client/pkg/relay/client.go:380.35,381.45 1 0
github.com/2gc-dev/cloudbridge-client/pkg/relay/client.go:381.45,383.5 1 0
github.com/2gc-dev/cloudbridge-client/pkg/relay/client.go:384.4,384.44 1 0
github.com/2gc-dev/cloudbridge-client/pkg/relay/client.go:384.44,386.5 1 0
github.com/2gc-dev/cloudbridge-client/pkg/relay/client.go:388.3,388.19 1 0
github.com/2gc-dev/cloudbridge-client/pkg/relay/client.go:388.19,390.4 1 0
github.com/2gc-dev/cloudbridge-client/pkg/relay/client.go:391.3,391.18 1 0
github.com/2gc-dev/cloudbridge-client/pkg/relay/client.go:391.18,393.4 1 0
github.com/2gc-dev/cloudbridge-client/pkg/relay/client.go:395.3,396.17 2 0
github.com/2gc-dev/cloudbridge-client/pkg/relay/client.go:396.17,398.4 1 0
github.com/2gc-dev/cloudbridge-client/pkg/relay/client.go:400.3,400.48 1 0
github.com/2gc-dev/cloudbridge-client/pkg/relay/client.go:405.2,405.49 1 0
github.com/2gc-dev/cloudbridge-client/pkg/relay/client.go:405.49,407.3 1 0
github.com/2gc-dev/cloudbridge-client/pkg/relay/client.go:409.2,409.20 1 0
github.com/2gc-dev/cloudbridge-client/pkg/relay/client.go:413.37,415.2 1 1
github.com/2gc-dev/cloudbridge-client/pkg/relay/config.go:22.35,23.24 1 0
github.com/2gc-dev/cloudbridge-client/pkg/relay/config.go:23.24,25.3 1 0
github.com/2gc-dev/cloudbridge-client/pkg/relay/config.go:27.2,27.47 1 0
github.com/2gc-dev/cloudbridge-client/pkg/relay/config.go:27.47,29.3 1 0
github.com/2gc-dev/cloudbridge-client/pkg/relay/config.go:31.2,31.45 1 0
github.com/2gc-dev/cloudbridge-client/pkg/relay/config.go:31.45,33.3 1 0
github.com/2gc-dev/cloudbridge-client/pkg/relay/config.go:35.2,35.14 1 0
github.com/2gc-dev/cloudbridge-client/pkg/relay/config.go:35.14,36.48 1 0
github.com/2gc-dev/cloudbridge-client/pkg/relay/config.go:36.48,38.4 1 0
github.com/2gc-dev/cloudbridge-client/pkg/relay/config.go:39.3,39.48 1 0
github.com/2gc-dev/cloudbridge-client/pkg/relay/config.go:39.48,41.4 1 0
github.com/2gc-dev/cloudbridge-client/pkg/relay/config.go:44.2,44.12 1 0
github.com/2gc-dev/cloudbridge-client/pkg/relay/health.go:33.40,37.2 3 1
github.com/2gc-dev/cloudbridge-client/pkg/relay/health.go:40.37,49.2 7 1
github.com/2gc-dev/cloudbridge-client/pkg/relay/health.go:51.58,53.28 1 1
github.com/2gc-dev/cloudbridge-client/pkg/relay/health.go:54.30,57.13 2 1
github.com/2gc-dev/cloudbridge-client/pkg/relay/health.go:57.13,60.4 2 1
github.com/2gc-dev/cloudbridge-client/pkg/relay/health.go:61.3,62.26 2 1
github.com/2gc-dev/cloudbridge-client/pkg/relay/health.go:62.26,64.79 2 1
github.com/2gc-dev/cloudbridge-client/pkg/relay/health.go:64.79,66.5 1 1
github.com/2gc-dev/cloudbridge-client/pkg/relay/health.go:68.3,68.13 1 1
github.com/2gc-dev/cloudbridge-client/pkg/relay/health.go:69.10,72.70 2 1
github.com/2gc-dev/cloudbridge-client/pkg/relay/health.go:72.70,74.4 1 0
github.com/2gc-dev/cloudbridge-client/pkg/relay/health.go:75.3,75.31 1 1
github.com/2gc-dev/cloudbridge-client/pkg/relay/health.go:75.31,77.4 1 1
github.com/2gc-dev/cloudbridge-client/pkg/relay/health.go:78.3,78.29 1 1
github.com/2gc-dev/cloudbridge-client/pkg/relay/health.go:78.29,80.4 1 1
github.com/2gc-dev/cloudbridge-client/pkg/relay/health.go:81.3,81.11 1 0
github.com/2gc-dev/cloudbridge-client/pkg/relay/health.go:86.65,90.27 3 1
github.com/2gc-dev/cloudbridge-client/pkg/relay/health.go:90.27,92.3 1 1
github.com/2gc-dev/cloudbridge-client/pkg/relay/health.go:94.2,94.58 1 1
github.com/2gc-dev/cloudbridge-client/pkg/relay/health.go:94.58,96.3 1 0
github.com/2gc-dev/cloudbridge-client/pkg/relay/metrics.go:47.41,50.2 2 1
github.com/2gc-dev/cloudbridge-client/pkg/relay/metrics.go:53.31,55.2 1 1
github.com/2gc-dev/cloudbridge-client/pkg/relay/metrics.go:58.34,60.2 1 1
github.com/2gc-dev/cloudbridge-client/pkg/relay/metrics.go:63.39,65.2 1 1
github.com/2gc-dev/cloudbridge-client/pkg/relay/metrics.go:68.30,70.2 1 1
